<?xml version="1.0" encoding="UTF-8"?>
<!-- Generated by org.testng.reporters.JUnitReportReporter -->
<testsuite hostname="SHLOK" failures="0" tests="1" name="restAssuredPackages.Demoqa_02_Delete" time="3.219" errors="0" timestamp="2023-09-27T10:33:11 IST" skipped="0">
  <testcase classname="restAssuredPackages.Demoqa_02_Delete" name="PostRequest" time="3.219"/>
</testsuite> <!-- restAssuredPackages.Demoqa_02_Delete -->
