<?xml version="1.0" encoding="UTF-8"?>
<!-- Generated by org.testng.reporters.JUnitReportReporter -->
<testsuite hostname="SHLOK" failures="0" tests="1" name="restAssuredPackages.Demo_01_Test" time="2.455" errors="0" timestamp="2023-09-26T16:42:08 IST" skipped="0">
  <testcase classname="restAssuredPackages.Demo_01_Test" name="GetRequest" time="2.455"/>
</testsuite> <!-- restAssuredPackages.Demo_01_Test -->
