<?xml version="1.0" encoding="UTF-8"?>
<!-- Generated by org.testng.reporters.JUnitReportReporter -->
<testsuite hostname="SHLOK" failures="0" tests="5" name="restAssuredPackages.Verification_Get_Request" time="4.525" errors="0" timestamp="2023-09-27T11:30:42 IST" skipped="0">
  <testcase classname="restAssuredPackages.Verification_Get_Request" name="getrequestLogAll" time="1.099"/>
  <testcase classname="restAssuredPackages.Verification_Get_Request" name="getrequestStatusCode" time="0.152"/>
  <testcase classname="restAssuredPackages.Verification_Get_Request" name="getrequestNameVerifyAll" time="0.115"/>
  <testcase classname="restAssuredPackages.Verification_Get_Request" name="getParamAndSetHeaders" time="2.115"/>
  <testcase classname="restAssuredPackages.Verification_Get_Request" name="getrequestNameVerify" time="1.044"/>
</testsuite> <!-- restAssuredPackages.Verification_Get_Request -->
