<?xml version="1.0" encoding="UTF-8"?>
<!-- Generated by org.testng.reporters.JUnitReportReporter -->
<testsuite hostname="SHLOK" failures="0" tests="1" name="traningPackage.getrequest" time="3.874" errors="0" timestamp="2023-10-06T01:11:22 IST" skipped="0">
  <testcase classname="traningPackage.getrequest" name="getRequest" time="3.874"/>
</testsuite> <!-- traningPackage.getrequest -->
