<?xml version="1.0" encoding="UTF-8"?>
<!-- Generated by org.testng.reporters.JUnitReportReporter -->
<testsuite hostname="SHLOK" failures="0" tests="2" name="TestForRough.basicAutintication" time="6.037" errors="0" timestamp="2023-10-04T13:00:29 IST" skipped="0">
  <testcase classname="TestForRough.basicAutintication" name="digestAuth" time="1.858"/>
  <testcase classname="TestForRough.basicAutintication" name="basicAuth" time="4.179"/>
</testsuite> <!-- TestForRough.basicAutintication -->
