<?xml version="1.0" encoding="UTF-8"?>
<!-- Generated by org.testng.reporters.JUnitReportReporter -->
<testsuite hostname="SHLOK" failures="0" tests="1" name="restAssuredPackages.Demoqa_02_Post" time="2.030" errors="0" timestamp="2023-09-27T10:00:40 IST" skipped="0">
  <testcase classname="restAssuredPackages.Demoqa_02_Post" name="PostRequest" time="2.030"/>
</testsuite> <!-- restAssuredPackages.Demoqa_02_Post -->
